Information: Updating design information... (UID-85)
 
****************************************
Report : timing
        -path full
        -delay min
        -max_paths 1
Design : MyDesign
Version: P-2019.03-SP1
Date   : Mon Nov 29 15:38:04 2021
****************************************

Operating Conditions: fast   Library: NangateOpenCellLibrary_PDKv1_2_v2008_10_fast_nldm
Wire Load Model Mode: top

  Startpoint: controller/c_state_reg[1]
              (rising edge-triggered flip-flop clocked by clk)
  Endpoint: controller/write_en_reg
            (rising edge-triggered flip-flop clocked by clk)
  Path Group: clk
  Path Type: min

  Point                                                   Incr       Path
  --------------------------------------------------------------------------
  clock clk (rise edge)                                 0.0000     0.0000
  clock network delay (ideal)                           0.0000     0.0000
  controller/c_state_reg[1]/CK (SDFF_X1)                0.0000     0.0000 r
  controller/c_state_reg[1]/Q (SDFF_X1)                 0.0496     0.0496 f
  controller/C26/ZN (AND2_X1)                           0.0321     0.0817 f
  controller/write_en_reg/D (DFF_X2)                    0.0000     0.0817 f
  data arrival time                                                0.0817

  clock clk (rise edge)                                 0.0000     0.0000
  clock network delay (ideal)                           0.0000     0.0000
  clock uncertainty                                     0.0500     0.0500
  controller/write_en_reg/CK (DFF_X2)                   0.0000     0.0500 r
  library hold time                                    -0.0001     0.0499
  data required time                                               0.0499
  --------------------------------------------------------------------------
  data required time                                               0.0499
  data arrival time                                               -0.0817
  --------------------------------------------------------------------------
  slack (MET)                                                      0.0318


1
